

 >> R  2    R e s i s t i v i t y   I n v e r s i o n   v3.3 <<

 >> D a t e : 10 - 03 - 2020
 >> My beautiful survey                                                             
 >> I n v e r s e   S o l u t i o n   S e l e c t e d <<
 >> Reading start resistivity from res0.dat                      
 >> R e g u l a r i s e d   T y p e <<
 >>   L i n e a r    F i l t e r    <<
 >> L o g - D a t a   I n v e r s i o n <<
 >> N o r m a l   R e g u l a r i s a t i o n <<
 >> D a t a   w e i g h t s   w i l l   b e  m o d i f i e d <<
 >> D a t a   w e i g h t   t o   b e   r e a d   f r o m   d a t a   f i l e <<


 Processing dataset   1


 Measurements read:  2171     Measurements rejected:     0
   Geometric mean of apparent resistivities:  0.80327E+02

 >> Total Memory required is:          0.924 Gb

   Iteration   1
     Initial RMS Misfit:       956.01     Number of data ignored:     0
     Alpha: **********   RMS Misfit:      147.96
     Alpha: **********   RMS Misfit:      142.48
     Alpha: **********   RMS Misfit:      140.98
     Alpha: **********   RMS Misfit:      138.95
     Alpha: 503477.321   RMS Misfit:      138.39
     Alpha: 233693.471   RMS Misfit:      140.24
     Step length set to   1.00000
     Final RMS Misfit:      138.39
     Updated data weights

   Iteration   2
     Initial RMS Misfit:        87.71     Number of data ignored:     0
     Alpha: 355784.771   RMS Misfit:       25.06
     Alpha: 165140.662   RMS Misfit:       18.27
     Alpha:  76651.505   RMS Misfit:       15.57
     Alpha:  35578.477   RMS Misfit:       16.04
     Step length set to   1.00000
     Final RMS Misfit:       15.57
     Updated data weights

   Iteration   3
     Initial RMS Misfit:        11.49     Number of data ignored:     0
     Alpha:  46288.303   RMS Misfit:        7.99
     Alpha:  21485.127   RMS Misfit:        5.41
     Alpha:   9972.513   RMS Misfit:        4.17
     Alpha:   4628.830   RMS Misfit:        4.62
     Step length set to   1.00000
     Final RMS Misfit:        4.17
     Updated data weights

   Iteration   4
     Initial RMS Misfit:         3.21     Number of data ignored:     0
     Alpha:   5456.951   RMS Misfit:        2.77
     Alpha:   2532.892   RMS Misfit:        2.13
     Alpha:   1175.665   RMS Misfit:        2.25
     Step length set to   1.00000
     Final RMS Misfit:        2.13
     Updated data weights

   Iteration   5
     Initial RMS Misfit:         1.67     Number of data ignored:     0
     Alpha:   1317.520   RMS Misfit:        1.53
     WARNING: managed to achieve CG tolerance of:  0.460E-03
     Alpha:    611.539   RMS Misfit:        1.33
     WARNING: managed to achieve CG tolerance of:  0.330E-02
     Alpha:    283.851   RMS Misfit:        2.06
     Step length set to   1.00000
     Final RMS Misfit:        1.33
     Updated data weights

   Iteration   6
     Initial RMS Misfit:         1.07     Number of data ignored:     0
